Start testing: Jul 01 14:33 CST
----------------------------------------------------------
1/1 Testing: test_algorithms
1/1 Test: test_algorithms
Command: "/home/firefly/IDS/build/test_algorithms"
Directory: /home/firefly/IDS/build
"test_algorithms" start time: Jul 01 14:33 CST
Output:
----------------------------------------------------------
Running Brute Force Batch Tests:
Algorithm: Brute Force | Total Patterns: 1000 | Accuracy: 100% | Total Match Time: 11.3345 seconds
Running KMP Batch Tests:
Algorithm: KMP | Total Patterns: 1000 | Accuracy: 100% | Total Match Time: 18.9672 seconds
Running Boyer-Moore Batch Tests:
Algorithm: Boyer-Moore | Total Patterns: 1000 | Accuracy: 100% | Total Match Time: 7.7948 seconds
<end of output>
Test time =  41.40 sec
----------------------------------------------------------
Test Passed.
"test_algorithms" end time: Jul 01 14:34 CST
"test_algorithms" time elapsed: 00:00:41
----------------------------------------------------------

End testing: Jul 01 14:34 CST
